<?xml version="1.0" encoding="UTF-8"?>
<testsuite name="org.validator.tck.draft4.AnyOfTest" tests="8" skipped="0" failures="5" errors="0" timestamp="2021-10-07T12:14:13" hostname="tomasfer-ltm.internal.salesforce.com" time="0.299">
  <properties/>
  <testcase name="anyOf[js, node]" classname="org.validator.tck.draft4.AnyOfTest" time="0.003"/>
  <testcase name="anyOf_with_base_schema[js, node]" classname="org.validator.tck.draft4.AnyOfTest" time="0.271">
    <failure message="AssertionError: Expected value to be true." type="AssertionError">AssertionError: Expected value to be true.
	at Object.captureStack(/Users/tfernandez/projects/json-schema-validator/build/js/node_modules/kotlin/src/kotlin/builtins.kt:103)
	at AssertionError.constructor(/Users/tfernandez/projects/json-schema-validator/build/js/node_modules/kotlin/kotlin.js:38897)
	at &lt;global&gt;.new AssertionError(/Users/tfernandez/projects/json-schema-validator/build/js/node_modules/kotlin/src/kotlin/exceptions.kt:85)
	at DefaultJsAsserter.assertTrue(/Users/tfernandez/projects/json-schema-validator/build/js/node_modules/kotlin-test/src/main/kotlin/kotlin/test/JsImpl.kt:23)
	at DefaultJsAsserter.assertTrue(/Users/tfernandez/projects/json-schema-validator/build/js/node_modules/kotlin-test/src/main/kotlin/kotlin/test/DefaultJsAsserter.kt:67)
	at &lt;global&gt;.assertTrue(/Users/tfernandez/projects/json-schema-validator/build/js/node_modules/kotlin-test/Assertions.kt:44)
	at &lt;global&gt;.run_test(kotlin/Assertions.kt:38)
	at org.validator.tck.draft4.AnyOfTest.anyOf_with_base_schema(/Users/tfernandez/projects/json-schema-validator/src/commonTest/kotlin/org/validator/tck/draft4/AnyOfTest.kt:29)
	at &lt;global&gt;.fn(kotlin/json-schema-validator-test.js:439)
	at Context.&lt;anonymous&gt;(/Users/tfernandez/projects/json-schema-validator/build/js/node_modules/src/KotlinTestTeamCityConsoleAdapter.ts:72)
	at &lt;global&gt;.processImmediate(internal/timers.js:461)
</failure>
  </testcase>
  <testcase name="anyOf_with_boolean_schemas__all_true[js, node]" classname="org.validator.tck.draft4.AnyOfTest" time="0.001">
    <failure message="NullPointerException:" type="NullPointerException">NullPointerException:
	at Object.captureStack(/Users/tfernandez/projects/json-schema-validator/build/js/node_modules/kotlin/src/kotlin/builtins.kt:103)
	at NullPointerException.constructor(/Users/tfernandez/projects/json-schema-validator/build/js/node_modules/kotlin/kotlin.js:38928)
	at NullPointerException.constructor(/Users/tfernandez/projects/json-schema-validator/build/js/node_modules/kotlin/src/kotlin/exceptions.kt:35)
	at RuntimeException.init(/Users/tfernandez/projects/json-schema-validator/build/js/node_modules/kotlin/src/kotlin/exceptions.kt:37)
	at &lt;global&gt;.new NullPointerException(/Users/tfernandez/projects/json-schema-validator/build/js/node_modules/kotlin/kotlin.js:39074)
	at Object.throwNPE(/Users/tfernandez/projects/json-schema-validator/build/js/node_modules/kotlin/js/src/kotlin/exceptionUtils.kt:10)
	at Kotlin.ensureNotNull(/Users/tfernandez/projects/json-schema-validator/build/js/node_modules/kotlin/js/misc.js:115)
	at &lt;global&gt;.&lt;unknown&gt;(/Users/tfernandez/projects/json-schema-validator/src/commonMain/kotlin/org/validator/rules/boolean/ArrayOfRuleParser.kt:11)
	at Right.Either.map(/Users/tfernandez/projects/json-schema-validator/src/commonMain/kotlin/org/validator/JsonElement.kt:160)
	at AnyOfRuleParser.ArrayOfRuleParser.parse(/Users/tfernandez/projects/json-schema-validator/src/commonMain/kotlin/org/validator/rules/boolean/ArrayOfRuleParser.kt:10)
	at SchemaRuleParser.parse(/Users/tfernandez/projects/json-schema-validator/src/commonMain/kotlin/org/validator/rules/SchemaRule.kt:50)
	at &lt;global&gt;.run_test(/Users/tfernandez/projects/json-schema-validator/src/commonTest/kotlin/org/validator/tck/TckFunctions.kt:22)
	at org.validator.tck.draft4.AnyOfTest.anyOf_with_boolean_schemas__all_true(/Users/tfernandez/projects/json-schema-validator/src/commonTest/kotlin/org/validator/tck/draft4/AnyOfTest.kt:36)
	at &lt;global&gt;.fn(kotlin/json-schema-validator-test.js:442)
	at Context.&lt;anonymous&gt;(/Users/tfernandez/projects/json-schema-validator/build/js/node_modules/src/KotlinTestTeamCityConsoleAdapter.ts:72)
	at &lt;global&gt;.processImmediate(internal/timers.js:461)
</failure>
  </testcase>
  <testcase name="anyOf_with_boolean_schemas__some_true[js, node]" classname="org.validator.tck.draft4.AnyOfTest" time="0.002">
    <failure message="NullPointerException:" type="NullPointerException">NullPointerException:
	at Object.captureStack(/Users/tfernandez/projects/json-schema-validator/build/js/node_modules/kotlin/src/kotlin/builtins.kt:103)
	at NullPointerException.constructor(/Users/tfernandez/projects/json-schema-validator/build/js/node_modules/kotlin/kotlin.js:38928)
	at NullPointerException.constructor(/Users/tfernandez/projects/json-schema-validator/build/js/node_modules/kotlin/src/kotlin/exceptions.kt:35)
	at RuntimeException.init(/Users/tfernandez/projects/json-schema-validator/build/js/node_modules/kotlin/src/kotlin/exceptions.kt:37)
	at &lt;global&gt;.new NullPointerException(/Users/tfernandez/projects/json-schema-validator/build/js/node_modules/kotlin/kotlin.js:39074)
	at Object.throwNPE(/Users/tfernandez/projects/json-schema-validator/build/js/node_modules/kotlin/js/src/kotlin/exceptionUtils.kt:10)
	at Kotlin.ensureNotNull(/Users/tfernandez/projects/json-schema-validator/build/js/node_modules/kotlin/js/misc.js:115)
	at &lt;global&gt;.&lt;unknown&gt;(/Users/tfernandez/projects/json-schema-validator/src/commonMain/kotlin/org/validator/rules/boolean/ArrayOfRuleParser.kt:11)
	at Right.Either.map(/Users/tfernandez/projects/json-schema-validator/src/commonMain/kotlin/org/validator/JsonElement.kt:160)
	at AnyOfRuleParser.ArrayOfRuleParser.parse(/Users/tfernandez/projects/json-schema-validator/src/commonMain/kotlin/org/validator/rules/boolean/ArrayOfRuleParser.kt:10)
	at SchemaRuleParser.parse(/Users/tfernandez/projects/json-schema-validator/src/commonMain/kotlin/org/validator/rules/SchemaRule.kt:50)
	at &lt;global&gt;.run_test(/Users/tfernandez/projects/json-schema-validator/src/commonTest/kotlin/org/validator/tck/TckFunctions.kt:22)
	at org.validator.tck.draft4.AnyOfTest.anyOf_with_boolean_schemas__some_true(/Users/tfernandez/projects/json-schema-validator/src/commonTest/kotlin/org/validator/tck/draft4/AnyOfTest.kt:43)
	at &lt;global&gt;.fn(kotlin/json-schema-validator-test.js:445)
	at Context.&lt;anonymous&gt;(/Users/tfernandez/projects/json-schema-validator/build/js/node_modules/src/KotlinTestTeamCityConsoleAdapter.ts:72)
	at &lt;global&gt;.processImmediate(internal/timers.js:461)
</failure>
  </testcase>
  <testcase name="anyOf_with_boolean_schemas__all_false[js, node]" classname="org.validator.tck.draft4.AnyOfTest" time="0.001">
    <failure message="NullPointerException:" type="NullPointerException">NullPointerException:
	at Object.captureStack(/Users/tfernandez/projects/json-schema-validator/build/js/node_modules/kotlin/src/kotlin/builtins.kt:103)
	at NullPointerException.constructor(/Users/tfernandez/projects/json-schema-validator/build/js/node_modules/kotlin/kotlin.js:38928)
	at NullPointerException.constructor(/Users/tfernandez/projects/json-schema-validator/build/js/node_modules/kotlin/src/kotlin/exceptions.kt:35)
	at RuntimeException.init(/Users/tfernandez/projects/json-schema-validator/build/js/node_modules/kotlin/src/kotlin/exceptions.kt:37)
	at &lt;global&gt;.new NullPointerException(/Users/tfernandez/projects/json-schema-validator/build/js/node_modules/kotlin/kotlin.js:39074)
	at Object.throwNPE(/Users/tfernandez/projects/json-schema-validator/build/js/node_modules/kotlin/js/src/kotlin/exceptionUtils.kt:10)
	at Kotlin.ensureNotNull(/Users/tfernandez/projects/json-schema-validator/build/js/node_modules/kotlin/js/misc.js:115)
	at &lt;global&gt;.&lt;unknown&gt;(/Users/tfernandez/projects/json-schema-validator/src/commonMain/kotlin/org/validator/rules/boolean/ArrayOfRuleParser.kt:11)
	at Right.Either.map(/Users/tfernandez/projects/json-schema-validator/src/commonMain/kotlin/org/validator/JsonElement.kt:160)
	at AnyOfRuleParser.ArrayOfRuleParser.parse(/Users/tfernandez/projects/json-schema-validator/src/commonMain/kotlin/org/validator/rules/boolean/ArrayOfRuleParser.kt:10)
	at SchemaRuleParser.parse(/Users/tfernandez/projects/json-schema-validator/src/commonMain/kotlin/org/validator/rules/SchemaRule.kt:50)
	at &lt;global&gt;.run_test(/Users/tfernandez/projects/json-schema-validator/src/commonTest/kotlin/org/validator/tck/TckFunctions.kt:22)
	at org.validator.tck.draft4.AnyOfTest.anyOf_with_boolean_schemas__all_false(/Users/tfernandez/projects/json-schema-validator/src/commonTest/kotlin/org/validator/tck/draft4/AnyOfTest.kt:50)
	at &lt;global&gt;.fn(kotlin/json-schema-validator-test.js:448)
	at Context.&lt;anonymous&gt;(/Users/tfernandez/projects/json-schema-validator/build/js/node_modules/src/KotlinTestTeamCityConsoleAdapter.ts:72)
	at &lt;global&gt;.processImmediate(internal/timers.js:461)
</failure>
  </testcase>
  <testcase name="anyOf_complex_types[js, node]" classname="org.validator.tck.draft4.AnyOfTest" time="0.002">
    <failure message="AssertionError: Expected value to be true." type="AssertionError">AssertionError: Expected value to be true.
	at Object.captureStack(/Users/tfernandez/projects/json-schema-validator/build/js/node_modules/kotlin/src/kotlin/builtins.kt:103)
	at AssertionError.constructor(/Users/tfernandez/projects/json-schema-validator/build/js/node_modules/kotlin/kotlin.js:38897)
	at &lt;global&gt;.new AssertionError(/Users/tfernandez/projects/json-schema-validator/build/js/node_modules/kotlin/src/kotlin/exceptions.kt:85)
	at DefaultJsAsserter.assertTrue(/Users/tfernandez/projects/json-schema-validator/build/js/node_modules/kotlin-test/src/main/kotlin/kotlin/test/JsImpl.kt:23)
	at DefaultJsAsserter.assertTrue(/Users/tfernandez/projects/json-schema-validator/build/js/node_modules/kotlin-test/src/main/kotlin/kotlin/test/DefaultJsAsserter.kt:67)
	at &lt;global&gt;.assertTrue(/Users/tfernandez/projects/json-schema-validator/build/js/node_modules/kotlin-test/Assertions.kt:44)
	at &lt;global&gt;.run_test(kotlin/Assertions.kt:38)
	at org.validator.tck.draft4.AnyOfTest.anyOf_complex_types(/Users/tfernandez/projects/json-schema-validator/src/commonTest/kotlin/org/validator/tck/draft4/AnyOfTest.kt:64)
	at &lt;global&gt;.fn(kotlin/json-schema-validator-test.js:451)
	at Context.&lt;anonymous&gt;(/Users/tfernandez/projects/json-schema-validator/build/js/node_modules/src/KotlinTestTeamCityConsoleAdapter.ts:72)
	at &lt;global&gt;.processImmediate(internal/timers.js:461)
</failure>
  </testcase>
  <testcase name="anyOf_with_one_empty_schema[js, node]" classname="org.validator.tck.draft4.AnyOfTest" time="0.001"/>
  <testcase name="nested_anyOf__to_check_validation_semantics[js, node]" classname="org.validator.tck.draft4.AnyOfTest" time="0.001"/>
  <system-out><![CDATA[]]></system-out>
  <system-err><![CDATA[]]></system-err>
</testsuite>
