<!DOCTYPE html>
<html>
<head>
<meta http-equiv="Content-Type" content="text/html; charset=utf-8"/>
<meta http-equiv="x-ua-compatible" content="IE=edge"/>
<title>Test results - UnicodeTest</title>
<link href="../css/base-style.css" rel="stylesheet" type="text/css"/>
<link href="../css/style.css" rel="stylesheet" type="text/css"/>
<script src="../js/report.js" type="text/javascript"></script>
</head>
<body>
<div id="content">
<h1>UnicodeTest</h1>
<div class="breadcrumbs">
<a href="../index.html">all</a> &gt; 
<a href="../packages/org.validator.tck.draft4.optional.html">org.validator.tck.draft4.optional</a> &gt; UnicodeTest</div>
<div id="summary">
<table>
<tr>
<td>
<div class="summaryGroup">
<table>
<tr>
<td>
<div class="infoBox" id="tests">
<div class="counter">4</div>
<p>tests</p>
</div>
</td>
<td>
<div class="infoBox" id="failures">
<div class="counter">3</div>
<p>failures</p>
</div>
</td>
<td>
<div class="infoBox" id="ignored">
<div class="counter">0</div>
<p>ignored</p>
</div>
</td>
<td>
<div class="infoBox" id="duration">
<div class="counter">0.001s</div>
<p>duration</p>
</div>
</td>
</tr>
</table>
</div>
</td>
<td>
<div class="infoBox failures" id="successRate">
<div class="percent">25%</div>
<p>successful</p>
</div>
</td>
</tr>
</table>
</div>
<div id="tabs">
<ul class="tabLinks">
<li>
<a href="#tab0">Failed tests</a>
</li>
<li>
<a href="#tab1">Tests</a>
</li>
</ul>
<div id="tab0" class="tab">
<h2>Failed tests</h2>
<div class="test">
<a name="unicode_digits_are_more_than_0_through_9"></a>
<h3 class="failures">unicode_digits_are_more_than_0_through_9[js, node]</h3>
<span class="code">
<pre>AssertionError: Expected value to be true.
	at Object.captureStack(/Users/tfernandez/projects/json-schema-validator/build/js/node_modules/kotlin/src/kotlin/builtins.kt:103)
	at AssertionError.constructor(/Users/tfernandez/projects/json-schema-validator/build/js/node_modules/kotlin/kotlin.js:38897)
	at &lt;global&gt;.new AssertionError(/Users/tfernandez/projects/json-schema-validator/build/js/node_modules/kotlin/src/kotlin/exceptions.kt:85)
	at DefaultJsAsserter.assertTrue(/Users/tfernandez/projects/json-schema-validator/build/js/node_modules/kotlin-test/src/main/kotlin/kotlin/test/JsImpl.kt:23)
	at DefaultJsAsserter.assertTrue(/Users/tfernandez/projects/json-schema-validator/build/js/node_modules/kotlin-test/src/main/kotlin/kotlin/test/DefaultJsAsserter.kt:67)
	at &lt;global&gt;.assertTrue(/Users/tfernandez/projects/json-schema-validator/build/js/node_modules/kotlin-test/Assertions.kt:44)
	at &lt;global&gt;.run_test(kotlin/Assertions.kt:38)
	at org.validator.tck.draft4.optional.UnicodeTest.unicode_digits_are_more_than_0_through(/Users/tfernandez/projects/json-schema-validator/tck-test-suite/src/commonTest/kotlin/org/validator/tck/draft4/optional/UnicodeTest.kt:44)
	at &lt;global&gt;.fn(kotlin/json-schema-validator-tck-test-suite-test.js:2567)
	at Context.&lt;anonymous&gt;(/Users/tfernandez/projects/json-schema-validator/build/js/node_modules/src/KotlinTestTeamCityConsoleAdapter.ts:72)
	at &lt;global&gt;.processImmediate(internal/timers.js:461)
</pre>
</span>
</div>
<div class="test">
<a name="unicode_semantics_should_be_used_for_all_patternProperties_matching"></a>
<h3 class="failures">unicode_semantics_should_be_used_for_all_patternProperties_matching[js, node]</h3>
<span class="code">
<pre>AssertionError: Expected value to be true.
	at Object.captureStack(/Users/tfernandez/projects/json-schema-validator/build/js/node_modules/kotlin/src/kotlin/builtins.kt:103)
	at AssertionError.constructor(/Users/tfernandez/projects/json-schema-validator/build/js/node_modules/kotlin/kotlin.js:38897)
	at &lt;global&gt;.new AssertionError(/Users/tfernandez/projects/json-schema-validator/build/js/node_modules/kotlin/src/kotlin/exceptions.kt:85)
	at DefaultJsAsserter.assertTrue(/Users/tfernandez/projects/json-schema-validator/build/js/node_modules/kotlin-test/src/main/kotlin/kotlin/test/JsImpl.kt:23)
	at DefaultJsAsserter.assertTrue(/Users/tfernandez/projects/json-schema-validator/build/js/node_modules/kotlin-test/src/main/kotlin/kotlin/test/DefaultJsAsserter.kt:67)
	at &lt;global&gt;.assertTrue(/Users/tfernandez/projects/json-schema-validator/build/js/node_modules/kotlin-test/Assertions.kt:44)
	at &lt;global&gt;.run_test(kotlin/Assertions.kt:38)
	at org.validator.tck.draft4.optional.UnicodeTest.unicode_semantics_should_be_used_for_all_patternProperties_matching(/Users/tfernandez/projects/json-schema-validator/tck-test-suite/src/commonTest/kotlin/org/validator/tck/draft4/optional/UnicodeTest.kt:52)
	at &lt;global&gt;.fn(kotlin/json-schema-validator-tck-test-suite-test.js:2570)
	at Context.&lt;anonymous&gt;(/Users/tfernandez/projects/json-schema-validator/build/js/node_modules/src/KotlinTestTeamCityConsoleAdapter.ts:72)
	at &lt;global&gt;.processImmediate(internal/timers.js:461)
</pre>
</span>
</div>
<div class="test">
<a name="unicode_semantics_should_be_used_for_all_pattern_matching"></a>
<h3 class="failures">unicode_semantics_should_be_used_for_all_pattern_matching[js, node]</h3>
<span class="code">
<pre>AssertionError: Expected value to be true.
	at Object.captureStack(/Users/tfernandez/projects/json-schema-validator/build/js/node_modules/kotlin/src/kotlin/builtins.kt:103)
	at AssertionError.constructor(/Users/tfernandez/projects/json-schema-validator/build/js/node_modules/kotlin/kotlin.js:38897)
	at &lt;global&gt;.new AssertionError(/Users/tfernandez/projects/json-schema-validator/build/js/node_modules/kotlin/src/kotlin/exceptions.kt:85)
	at DefaultJsAsserter.assertTrue(/Users/tfernandez/projects/json-schema-validator/build/js/node_modules/kotlin-test/src/main/kotlin/kotlin/test/JsImpl.kt:23)
	at DefaultJsAsserter.assertTrue(/Users/tfernandez/projects/json-schema-validator/build/js/node_modules/kotlin-test/src/main/kotlin/kotlin/test/DefaultJsAsserter.kt:67)
	at &lt;global&gt;.assertTrue(/Users/tfernandez/projects/json-schema-validator/build/js/node_modules/kotlin-test/Assertions.kt:44)
	at &lt;global&gt;.run_test(kotlin/Assertions.kt:38)
	at org.validator.tck.draft4.optional.UnicodeTest.unicode_semantics_should_be_used_for_all_pattern_matching(/Users/tfernandez/projects/json-schema-validator/tck-test-suite/src/commonTest/kotlin/org/validator/tck/draft4/optional/UnicodeTest.kt:13)
	at &lt;global&gt;.fn(kotlin/json-schema-validator-tck-test-suite-test.js:2561)
	at Context.&lt;anonymous&gt;(/Users/tfernandez/projects/json-schema-validator/build/js/node_modules/src/KotlinTestTeamCityConsoleAdapter.ts:72)
	at &lt;global&gt;.processImmediate(internal/timers.js:461)
</pre>
</span>
</div>
</div>
<div id="tab1" class="tab">
<h2>Tests</h2>
<table>
<thead>
<tr>
<th>Test</th>
<th>Method name</th>
<th>Duration</th>
<th>Result</th>
</tr>
</thead>
<tr>
<td class="success">unicode_characters_do_not_match_ascii_ranges[js, node]</td>
<td class="success">unicode_characters_do_not_match_ascii_ranges</td>
<td class="success">0s</td>
<td class="success">passed</td>
</tr>
<tr>
<td class="failures">unicode_digits_are_more_than_0_through_9[js, node]</td>
<td class="failures">unicode_digits_are_more_than_0_through_9</td>
<td class="failures">0s</td>
<td class="failures">failed</td>
</tr>
<tr>
<td class="failures">unicode_semantics_should_be_used_for_all_patternProperties_matching[js, node]</td>
<td class="failures">unicode_semantics_should_be_used_for_all_patternProperties_matching</td>
<td class="failures">0s</td>
<td class="failures">failed</td>
</tr>
<tr>
<td class="failures">unicode_semantics_should_be_used_for_all_pattern_matching[js, node]</td>
<td class="failures">unicode_semantics_should_be_used_for_all_pattern_matching</td>
<td class="failures">0.001s</td>
<td class="failures">failed</td>
</tr>
</table>
</div>
</div>
<div id="footer">
<p>
<div>
<label class="hidden" id="label-for-line-wrapping-toggle" for="line-wrapping-toggle">Wrap lines
<input id="line-wrapping-toggle" type="checkbox" autocomplete="off"/>
</label>
</div>Generated by 
<a href="http://www.gradle.org">Gradle 6.8</a> at Oct 8, 2021, 6:16:15 PM</p>
</div>
</div>
</body>
</html>
