<!DOCTYPE html>
<html>
<head>
<meta http-equiv="Content-Type" content="text/html; charset=utf-8"/>
<meta http-equiv="x-ua-compatible" content="IE=edge"/>
<title>Test results - AnyOfTest</title>
<link href="../css/base-style.css" rel="stylesheet" type="text/css"/>
<link href="../css/style.css" rel="stylesheet" type="text/css"/>
<script src="../js/report.js" type="text/javascript"></script>
</head>
<body>
<div id="content">
<h1>AnyOfTest</h1>
<div class="breadcrumbs">
<a href="../index.html">all</a> &gt; 
<a href="../packages/org.validator.tck.draft4.html">org.validator.tck.draft4</a> &gt; AnyOfTest</div>
<div id="summary">
<table>
<tr>
<td>
<div class="summaryGroup">
<table>
<tr>
<td>
<div class="infoBox" id="tests">
<div class="counter">8</div>
<p>tests</p>
</div>
</td>
<td>
<div class="infoBox" id="failures">
<div class="counter">5</div>
<p>failures</p>
</div>
</td>
<td>
<div class="infoBox" id="ignored">
<div class="counter">0</div>
<p>ignored</p>
</div>
</td>
<td>
<div class="infoBox" id="duration">
<div class="counter">0.278s</div>
<p>duration</p>
</div>
</td>
</tr>
</table>
</div>
</td>
<td>
<div class="infoBox failures" id="successRate">
<div class="percent">37%</div>
<p>successful</p>
</div>
</td>
</tr>
</table>
</div>
<div id="tabs">
<ul class="tabLinks">
<li>
<a href="#tab0">Failed tests</a>
</li>
<li>
<a href="#tab1">Tests</a>
</li>
</ul>
<div id="tab0" class="tab">
<h2>Failed tests</h2>
<div class="test">
<a name="anyOf_complex_types"></a>
<h3 class="failures">anyOf_complex_types[js, node]</h3>
<span class="code">
<pre>AssertionError: Expected value to be true.
	at Object.captureStack(/Users/tfernandez/projects/json-schema-validator/build/js/node_modules/kotlin/src/kotlin/builtins.kt:103)
	at AssertionError.constructor(/Users/tfernandez/projects/json-schema-validator/build/js/node_modules/kotlin/kotlin.js:38897)
	at &lt;global&gt;.new AssertionError(/Users/tfernandez/projects/json-schema-validator/build/js/node_modules/kotlin/src/kotlin/exceptions.kt:85)
	at DefaultJsAsserter.assertTrue(/Users/tfernandez/projects/json-schema-validator/build/js/node_modules/kotlin-test/src/main/kotlin/kotlin/test/JsImpl.kt:23)
	at DefaultJsAsserter.assertTrue(/Users/tfernandez/projects/json-schema-validator/build/js/node_modules/kotlin-test/src/main/kotlin/kotlin/test/DefaultJsAsserter.kt:67)
	at &lt;global&gt;.assertTrue(/Users/tfernandez/projects/json-schema-validator/build/js/node_modules/kotlin-test/Assertions.kt:44)
	at &lt;global&gt;.run_test(kotlin/Assertions.kt:38)
	at org.validator.tck.draft4.AnyOfTest.anyOf_complex_types(/Users/tfernandez/projects/json-schema-validator/tck-test-suite/src/commonTest/kotlin/org/validator/tck/draft4/AnyOfTest.kt:64)
	at &lt;global&gt;.fn(kotlin/json-schema-validator-tck-test-suite-test.js:306)
	at Context.&lt;anonymous&gt;(/Users/tfernandez/projects/json-schema-validator/build/js/node_modules/src/KotlinTestTeamCityConsoleAdapter.ts:72)
	at &lt;global&gt;.processImmediate(internal/timers.js:461)
</pre>
</span>
</div>
<div class="test">
<a name="anyOf_with_base_schema"></a>
<h3 class="failures">anyOf_with_base_schema[js, node]</h3>
<span class="code">
<pre>AssertionError: Expected value to be true.
	at Object.captureStack(/Users/tfernandez/projects/json-schema-validator/build/js/node_modules/kotlin/src/kotlin/builtins.kt:103)
	at AssertionError.constructor(/Users/tfernandez/projects/json-schema-validator/build/js/node_modules/kotlin/kotlin.js:38897)
	at &lt;global&gt;.new AssertionError(/Users/tfernandez/projects/json-schema-validator/build/js/node_modules/kotlin/src/kotlin/exceptions.kt:85)
	at DefaultJsAsserter.assertTrue(/Users/tfernandez/projects/json-schema-validator/build/js/node_modules/kotlin-test/src/main/kotlin/kotlin/test/JsImpl.kt:23)
	at DefaultJsAsserter.assertTrue(/Users/tfernandez/projects/json-schema-validator/build/js/node_modules/kotlin-test/src/main/kotlin/kotlin/test/DefaultJsAsserter.kt:67)
	at &lt;global&gt;.assertTrue(/Users/tfernandez/projects/json-schema-validator/build/js/node_modules/kotlin-test/Assertions.kt:44)
	at &lt;global&gt;.run_test(kotlin/Assertions.kt:38)
	at org.validator.tck.draft4.AnyOfTest.anyOf_with_base_schema(/Users/tfernandez/projects/json-schema-validator/tck-test-suite/src/commonTest/kotlin/org/validator/tck/draft4/AnyOfTest.kt:29)
	at &lt;global&gt;.fn(kotlin/json-schema-validator-tck-test-suite-test.js:294)
	at Context.&lt;anonymous&gt;(/Users/tfernandez/projects/json-schema-validator/build/js/node_modules/src/KotlinTestTeamCityConsoleAdapter.ts:72)
	at &lt;global&gt;.processImmediate(internal/timers.js:461)
</pre>
</span>
</div>
<div class="test">
<a name="anyOf_with_boolean_schemas__all_false"></a>
<h3 class="failures">anyOf_with_boolean_schemas__all_false[js, node]</h3>
<span class="code">
<pre>NullPointerException:
	at Object.captureStack(/Users/tfernandez/projects/json-schema-validator/build/js/node_modules/kotlin/src/kotlin/builtins.kt:103)
	at NullPointerException.constructor(/Users/tfernandez/projects/json-schema-validator/build/js/node_modules/kotlin/kotlin.js:38928)
	at NullPointerException.constructor(/Users/tfernandez/projects/json-schema-validator/build/js/node_modules/kotlin/src/kotlin/exceptions.kt:35)
	at RuntimeException.init(/Users/tfernandez/projects/json-schema-validator/build/js/node_modules/kotlin/src/kotlin/exceptions.kt:37)
	at &lt;global&gt;.new NullPointerException(/Users/tfernandez/projects/json-schema-validator/build/js/node_modules/kotlin/kotlin.js:39074)
	at Object.throwNPE(/Users/tfernandez/projects/json-schema-validator/build/js/node_modules/kotlin/js/src/kotlin/exceptionUtils.kt:10)
	at Kotlin.ensureNotNull(/Users/tfernandez/projects/json-schema-validator/build/js/node_modules/kotlin/js/misc.js:115)
	at &lt;global&gt;.&lt;unknown&gt;(/Users/tfernandez/projects/json-schema-validator/schema-validation/src/commonMain/kotlin/org/validator/rules/boolean/ArrayOfRuleParser.kt:11)
	at Right.Either.map(/Users/tfernandez/projects/json-schema-validator/schema-validation/src/commonMain/kotlin/org/validator/JsonElement.kt:160)
	at AnyOfRuleParser.ArrayOfRuleParser.parse(/Users/tfernandez/projects/json-schema-validator/schema-validation/src/commonMain/kotlin/org/validator/rules/boolean/ArrayOfRuleParser.kt:10)
	at SchemaRuleParser.parse(/Users/tfernandez/projects/json-schema-validator/schema-validation/src/commonMain/kotlin/org/validator/rules/SchemaRule.kt:50)
	at &lt;global&gt;.run_test(/Users/tfernandez/projects/json-schema-validator/tck-test-suite/src/commonTest/kotlin/org/validator/tck/TckFunctions.kt:19)
	at org.validator.tck.draft4.AnyOfTest.anyOf_with_boolean_schemas__all_false(/Users/tfernandez/projects/json-schema-validator/tck-test-suite/src/commonTest/kotlin/org/validator/tck/draft4/AnyOfTest.kt:50)
	at &lt;global&gt;.fn(kotlin/json-schema-validator-tck-test-suite-test.js:303)
	at Context.&lt;anonymous&gt;(/Users/tfernandez/projects/json-schema-validator/build/js/node_modules/src/KotlinTestTeamCityConsoleAdapter.ts:72)
	at &lt;global&gt;.processImmediate(internal/timers.js:461)
</pre>
</span>
</div>
<div class="test">
<a name="anyOf_with_boolean_schemas__all_true"></a>
<h3 class="failures">anyOf_with_boolean_schemas__all_true[js, node]</h3>
<span class="code">
<pre>NullPointerException:
	at Object.captureStack(/Users/tfernandez/projects/json-schema-validator/build/js/node_modules/kotlin/src/kotlin/builtins.kt:103)
	at NullPointerException.constructor(/Users/tfernandez/projects/json-schema-validator/build/js/node_modules/kotlin/kotlin.js:38928)
	at NullPointerException.constructor(/Users/tfernandez/projects/json-schema-validator/build/js/node_modules/kotlin/src/kotlin/exceptions.kt:35)
	at RuntimeException.init(/Users/tfernandez/projects/json-schema-validator/build/js/node_modules/kotlin/src/kotlin/exceptions.kt:37)
	at &lt;global&gt;.new NullPointerException(/Users/tfernandez/projects/json-schema-validator/build/js/node_modules/kotlin/kotlin.js:39074)
	at Object.throwNPE(/Users/tfernandez/projects/json-schema-validator/build/js/node_modules/kotlin/js/src/kotlin/exceptionUtils.kt:10)
	at Kotlin.ensureNotNull(/Users/tfernandez/projects/json-schema-validator/build/js/node_modules/kotlin/js/misc.js:115)
	at &lt;global&gt;.&lt;unknown&gt;(/Users/tfernandez/projects/json-schema-validator/schema-validation/src/commonMain/kotlin/org/validator/rules/boolean/ArrayOfRuleParser.kt:11)
	at Right.Either.map(/Users/tfernandez/projects/json-schema-validator/schema-validation/src/commonMain/kotlin/org/validator/JsonElement.kt:160)
	at AnyOfRuleParser.ArrayOfRuleParser.parse(/Users/tfernandez/projects/json-schema-validator/schema-validation/src/commonMain/kotlin/org/validator/rules/boolean/ArrayOfRuleParser.kt:10)
	at SchemaRuleParser.parse(/Users/tfernandez/projects/json-schema-validator/schema-validation/src/commonMain/kotlin/org/validator/rules/SchemaRule.kt:50)
	at &lt;global&gt;.run_test(/Users/tfernandez/projects/json-schema-validator/tck-test-suite/src/commonTest/kotlin/org/validator/tck/TckFunctions.kt:19)
	at org.validator.tck.draft4.AnyOfTest.anyOf_with_boolean_schemas__all_true(/Users/tfernandez/projects/json-schema-validator/tck-test-suite/src/commonTest/kotlin/org/validator/tck/draft4/AnyOfTest.kt:36)
	at &lt;global&gt;.fn(kotlin/json-schema-validator-tck-test-suite-test.js:297)
	at Context.&lt;anonymous&gt;(/Users/tfernandez/projects/json-schema-validator/build/js/node_modules/src/KotlinTestTeamCityConsoleAdapter.ts:72)
	at &lt;global&gt;.processImmediate(internal/timers.js:461)
</pre>
</span>
</div>
<div class="test">
<a name="anyOf_with_boolean_schemas__some_true"></a>
<h3 class="failures">anyOf_with_boolean_schemas__some_true[js, node]</h3>
<span class="code">
<pre>NullPointerException:
	at Object.captureStack(/Users/tfernandez/projects/json-schema-validator/build/js/node_modules/kotlin/src/kotlin/builtins.kt:103)
	at NullPointerException.constructor(/Users/tfernandez/projects/json-schema-validator/build/js/node_modules/kotlin/kotlin.js:38928)
	at NullPointerException.constructor(/Users/tfernandez/projects/json-schema-validator/build/js/node_modules/kotlin/src/kotlin/exceptions.kt:35)
	at RuntimeException.init(/Users/tfernandez/projects/json-schema-validator/build/js/node_modules/kotlin/src/kotlin/exceptions.kt:37)
	at &lt;global&gt;.new NullPointerException(/Users/tfernandez/projects/json-schema-validator/build/js/node_modules/kotlin/kotlin.js:39074)
	at Object.throwNPE(/Users/tfernandez/projects/json-schema-validator/build/js/node_modules/kotlin/js/src/kotlin/exceptionUtils.kt:10)
	at Kotlin.ensureNotNull(/Users/tfernandez/projects/json-schema-validator/build/js/node_modules/kotlin/js/misc.js:115)
	at &lt;global&gt;.&lt;unknown&gt;(/Users/tfernandez/projects/json-schema-validator/schema-validation/src/commonMain/kotlin/org/validator/rules/boolean/ArrayOfRuleParser.kt:11)
	at Right.Either.map(/Users/tfernandez/projects/json-schema-validator/schema-validation/src/commonMain/kotlin/org/validator/JsonElement.kt:160)
	at AnyOfRuleParser.ArrayOfRuleParser.parse(/Users/tfernandez/projects/json-schema-validator/schema-validation/src/commonMain/kotlin/org/validator/rules/boolean/ArrayOfRuleParser.kt:10)
	at SchemaRuleParser.parse(/Users/tfernandez/projects/json-schema-validator/schema-validation/src/commonMain/kotlin/org/validator/rules/SchemaRule.kt:50)
	at &lt;global&gt;.run_test(/Users/tfernandez/projects/json-schema-validator/tck-test-suite/src/commonTest/kotlin/org/validator/tck/TckFunctions.kt:19)
	at org.validator.tck.draft4.AnyOfTest.anyOf_with_boolean_schemas__some_true(/Users/tfernandez/projects/json-schema-validator/tck-test-suite/src/commonTest/kotlin/org/validator/tck/draft4/AnyOfTest.kt:43)
	at &lt;global&gt;.fn(kotlin/json-schema-validator-tck-test-suite-test.js:300)
	at Context.&lt;anonymous&gt;(/Users/tfernandez/projects/json-schema-validator/build/js/node_modules/src/KotlinTestTeamCityConsoleAdapter.ts:72)
	at &lt;global&gt;.processImmediate(internal/timers.js:461)
</pre>
</span>
</div>
</div>
<div id="tab1" class="tab">
<h2>Tests</h2>
<table>
<thead>
<tr>
<th>Test</th>
<th>Method name</th>
<th>Duration</th>
<th>Result</th>
</tr>
</thead>
<tr>
<td class="success">anyOf[js, node]</td>
<td class="success">anyOf</td>
<td class="success">0.008s</td>
<td class="success">passed</td>
</tr>
<tr>
<td class="failures">anyOf_complex_types[js, node]</td>
<td class="failures">anyOf_complex_types</td>
<td class="failures">0.005s</td>
<td class="failures">failed</td>
</tr>
<tr>
<td class="failures">anyOf_with_base_schema[js, node]</td>
<td class="failures">anyOf_with_base_schema</td>
<td class="failures">0.256s</td>
<td class="failures">failed</td>
</tr>
<tr>
<td class="failures">anyOf_with_boolean_schemas__all_false[js, node]</td>
<td class="failures">anyOf_with_boolean_schemas__all_false</td>
<td class="failures">0.001s</td>
<td class="failures">failed</td>
</tr>
<tr>
<td class="failures">anyOf_with_boolean_schemas__all_true[js, node]</td>
<td class="failures">anyOf_with_boolean_schemas__all_true</td>
<td class="failures">0.004s</td>
<td class="failures">failed</td>
</tr>
<tr>
<td class="failures">anyOf_with_boolean_schemas__some_true[js, node]</td>
<td class="failures">anyOf_with_boolean_schemas__some_true</td>
<td class="failures">0.001s</td>
<td class="failures">failed</td>
</tr>
<tr>
<td class="success">anyOf_with_one_empty_schema[js, node]</td>
<td class="success">anyOf_with_one_empty_schema</td>
<td class="success">0.002s</td>
<td class="success">passed</td>
</tr>
<tr>
<td class="success">nested_anyOf__to_check_validation_semantics[js, node]</td>
<td class="success">nested_anyOf__to_check_validation_semantics</td>
<td class="success">0.001s</td>
<td class="success">passed</td>
</tr>
</table>
</div>
</div>
<div id="footer">
<p>
<div>
<label class="hidden" id="label-for-line-wrapping-toggle" for="line-wrapping-toggle">Wrap lines
<input id="line-wrapping-toggle" type="checkbox" autocomplete="off"/>
</label>
</div>Generated by 
<a href="http://www.gradle.org">Gradle 6.8</a> at Oct 7, 2021, 9:42:31 AM</p>
</div>
</div>
</body>
</html>
